
=== Thu Oct  1 22:18:29 2020

Packages were changed.
Update Mode: mergeDefaultDependencies

The following packages were added:
  com.unity.ext.nunit@1.0.0
  com.unity.test-framework@1.0.13
  com.unity.ide.vscode@1.0.7
  com.unity.ide.visualstudio@1.0.11
  com.unity.ide.rider@1.0.8
  com.unity.ugui@1.0.0
  com.unity.modules.androidjni@1.0.0
The following packages were updated:
  com.unity.collab-proxy from version 1.2.9 to 1.2.16
  com.unity.textmeshpro from version 2.0.0 to 2.0.1
  com.unity.timeline from version 0.0.0-builtin to 1.1.0

=== Mon Jun 28 21:29:40 2021

Packages were changed.
Update Mode: updateDependencies

The following packages were updated:
  com.unity.collab-proxy from version 1.2.16 to 1.5.7
  com.unity.ext.nunit from version 1.0.0 to 1.0.6
  com.unity.ide.rider from version 1.0.8 to 3.0.7
  com.unity.ide.visualstudio from version 1.0.11 to 2.0.9
  com.unity.ide.vscode from version 1.0.7 to 1.2.3
  com.unity.postprocessing from version 2.1.7 to 3.1.1
  com.unity.test-framework from version 1.0.13 to 1.1.24
  com.unity.textmeshpro from version 2.0.1 to 3.0.6
  com.unity.timeline from version 1.1.0 to 1.5.5

=== Fri Apr  8 20:23:39 2022

Packages were changed.
Update Mode: updateDependencies

The following packages were updated:
  com.unity.collab-proxy from version 1.5.7 to 1.15.15
  com.unity.ide.rider from version 3.0.7 to 3.0.13
  com.unity.postprocessing from version 3.1.1 to 3.2.1
  com.unity.test-framework from version 1.1.29 to 1.1.31
  com.unity.timeline from version 1.5.6 to 1.6.4

=== Fri Jan 27 13:52:19 2023

Packages were changed.
Update Mode: updateDependencies

The following packages were updated:
  com.unity.collab-proxy from version 1.15.15 to 1.17.7
  com.unity.ide.rider from version 3.0.13 to 3.0.18
  com.unity.ide.visualstudio from version 2.0.14 to 2.0.17
  com.unity.postprocessing from version 3.2.1 to 3.2.2
